0 info it worked if it ends with ok
1 verbose cli [ 'C:\\Program Files\\nodejs\\node.exe',
1 verbose cli   'C:\\Users\\Gaodig_Dev08\\AppData\\Roaming\\npm\\node_modules\\npm\\bin\\npm-cli.js',
1 verbose cli   'run',
1 verbose cli   'dev' ]
2 info using npm@4.0.3
3 info using node@v6.10.3
4 verbose run-script [ 'predev', 'dev', 'postdev' ]
5 info lifecycle justbb@0.0.0~predev: justbb@0.0.0
6 silly lifecycle justbb@0.0.0~predev: no script for predev, continuing
7 info lifecycle justbb@0.0.0~dev: justbb@0.0.0
8 verbose lifecycle justbb@0.0.0~dev: unsafe-perm in lifecycle true
9 verbose lifecycle justbb@0.0.0~dev: PATH: C:\Users\Gaodig_Dev08\AppData\Roaming\npm\node_modules\npm\bin\node-gyp-bin;G:\workspace\Atom\JustBB\node_modules\.bin;C:\ProgramData\Oracle\Java\javapath;C:\Program Files (x86)\Common Files\NetSarang;C:\WINDOWS\system32;C:\WINDOWS;C:\WINDOWS\System32\Wbem;C:\WINDOWS\System32\WindowsPowerShell\v1.0\;C:\Program Files\Java\jdk1.8.0_91\bin;C:\Program Files\Java\jdk1.8.0_91\jre\bin;F:\cygwin64\bin;F:\cygwin64\usr\sbin;F:\apache-maven-3.3.9\bin;C:\Program Files (x86)\MySQL\MySQL Server 5.5\bin;C:\Program Files\MySQL\MySQL Server 5.5\bin;G:\workspace\node\node-echo\bin;C:\Program Files\Git\cmd;C:\Program Files\Git\bin;C:\Program Files\Git\mingw64\libexec\git-core;C:\Program Files\nodejs\;F:\phoneGap\android-sdk\tools;F:\phoneGap\android-sdk\platform-tools;F:\Ruby23\bin;C:\Users\Gaodig_Dev08\AppData\Local\Microsoft\WindowsApps;C:\Users\Gaodig_Dev08\AppData\Local\atom\bin;C:\Users\Gaodig_Dev08\AppData\Roaming\npm;C:\Users\Gaodig_Dev08\Desktop\抓包工具\Fiddler;C:\Users\Gaodig_Dev08\AppData\Local\Pandoc\;%USERPROFILE%\AppData\Local\Microsoft\WindowsApps;
10 verbose lifecycle justbb@0.0.0~dev: CWD: G:\workspace\Atom\JustBB
11 silly lifecycle justbb@0.0.0~dev: Args: [ '/d /s /c', 'nodemon ./bin/www --exec babel-node' ]
12 silly lifecycle justbb@0.0.0~dev: Returned: code: 3221225786  signal: null
13 info lifecycle justbb@0.0.0~dev: Failed to exec dev script
14 verbose stack Error: justbb@0.0.0 dev: `nodemon ./bin/www --exec babel-node`
14 verbose stack Exit status 3221225786
14 verbose stack     at EventEmitter.<anonymous> (C:\Users\Gaodig_Dev08\AppData\Roaming\npm\node_modules\npm\lib\utils\lifecycle.js:279:16)
14 verbose stack     at emitTwo (events.js:106:13)
14 verbose stack     at EventEmitter.emit (events.js:191:7)
14 verbose stack     at ChildProcess.<anonymous> (C:\Users\Gaodig_Dev08\AppData\Roaming\npm\node_modules\npm\lib\utils\spawn.js:40:14)
14 verbose stack     at emitTwo (events.js:106:13)
14 verbose stack     at ChildProcess.emit (events.js:191:7)
14 verbose stack     at maybeClose (internal/child_process.js:886:16)
14 verbose stack     at Process.ChildProcess._handle.onexit (internal/child_process.js:226:5)
15 verbose pkgid justbb@0.0.0
16 verbose cwd G:\workspace\Atom\JustBB
17 error Windows_NT 10.0.16299
18 error argv "C:\\Program Files\\nodejs\\node.exe" "C:\\Users\\Gaodig_Dev08\\AppData\\Roaming\\npm\\node_modules\\npm\\bin\\npm-cli.js" "run" "dev"
19 error node v6.10.3
20 error npm  v4.0.3
21 error code ELIFECYCLE
22 error justbb@0.0.0 dev: `nodemon ./bin/www --exec babel-node`
22 error Exit status 3221225786
23 error Failed at the justbb@0.0.0 dev script 'nodemon ./bin/www --exec babel-node'.
23 error Make sure you have the latest version of node.js and npm installed.
23 error If you do, this is most likely a problem with the justbb package,
23 error not with npm itself.
23 error Tell the author that this fails on your system:
23 error     nodemon ./bin/www --exec babel-node
23 error You can get information on how to open an issue for this project with:
23 error     npm bugs justbb
23 error Or if that isn't available, you can get their info via:
23 error     npm owner ls justbb
23 error There is likely additional logging output above.
24 verbose exit [ 1, true ]
